<?xml version="1.0" encoding="UTF-8"?>
<testsuite xmlns:xsi="http://www.w3.org/2001/XMLSchema-instance" xsi:noNamespaceSchemaLocation="https://maven.apache.org/surefire/maven-surefire-plugin/xsd/surefire-test-report.xsd" version="3.0.2" name="com.example.test.TestRunner" time="34.992" tests="4" errors="0" skipped="0" failures="0">
  <properties>
[...]
</properties>
  <testcase name="Validar la generación de triangulos #1" classname="El usuario pueda validar el tipo de triangulo." time="9.954">
    <system-out><![CDATA[
@triangulo
Esquema del escenario: Validar la generación de triangulos    &amp#27;[90m# src/test/resources/features/triangulo.feature:14&amp#27;[0m
  &amp#27;[32mDado &amp#27;[0m&amp#27;[32mque el usuario visita la pagina&amp#27;[0m                        &amp#27;[90m# com.example.steps.LoginSteps.abrirPagina()&amp#27;[0m
  &amp#27;[32mCuando &amp#27;[0m&amp#27;[32mel usuario ingresa los campos: &amp#27;[0m&amp#27;[32m&amp#27;[1m"Jona"&amp#27;[0m&amp#27;[32m, &amp#27;[0m&amp#27;[32m&amp#27;[1m"3"&amp#27;[0m&amp#27;[32m, &amp#27;[0m&amp#27;[32m&amp#27;[1m"3"&amp#27;[0m&amp#27;[32m, &amp#27;[0m&amp#27;[32m&amp#27;[1m"3"&amp#27;[0m &amp#27;[90m# com.example.steps.LoginSteps.elUsuarioIngresaLosCampos(java.lang.String,java.lang.String,java.lang.String,java.lang.String)&amp#27;[0m
  &amp#27;[32mY &amp#27;[0m&amp#27;[32mel usuario presiona Check&amp#27;[0m                                 &amp#27;[90m# com.example.steps.LoginSteps.elUsuarioPresionaCheck()&amp#27;[0m
Screenshot completo guardado en: /Users/jonavillegas/Desktop/JonaJona/retoTriangulo/capturas/resultado_completo.png
Usando OCRe
Test the Famous Triangle
Enter three numbers. The numbers will be treated as the dimensions of a triangle.
When you press the "Check" button, the program will display the type of triangle that you specified.
Your name:
equilateral

Side A
Side B
Side C
  &amp#27;[32mEntonces &amp#27;[0m&amp#27;[32mel sistema muestra el triangulo &amp#27;[0m&amp#27;[32m&amp#27;[1m"equilateral"&amp#27;[0m      &amp#27;[90m# com.example.steps.LoginSteps.elSistemaMuestraElTriangulo(java.lang.String)&amp#27;[0m
]]></system-out>
    <system-err><![CDATA[SLF4J: Failed to load class "org.slf4j.impl.StaticLoggerBinder".
SLF4J: Defaulting to no-operation (NOP) logger implementation
SLF4J: See http://www.slf4j.org/codes.html#StaticLoggerBinder for further details.
May 15, 2025 5:59:31 PM org.openqa.selenium.devtools.CdpVersionFinder findNearestMatch
WARNING: Unable to find CDP implementation matching 136
May 15, 2025 5:59:31 PM org.openqa.selenium.chromium.ChromiumDriver lambda$new$5
WARNING: Unable to find version of CDP to use for 136.0.7103.114. You may need to include a dependency on a specific version of the CDP using something similar to `org.seleniumhq.selenium:selenium-devtools-v86:4.25.0` where the version ("v86") matches the version of the chromium-based browser you're using and the version number of the artifact is the same as Selenium's.
]]></system-err>
  </testcase>
  <testcase name="Validar la generación de triangulos #2" classname="El usuario pueda validar el tipo de triangulo." time="8.27">
    <system-out><![CDATA[
@triangulo
Esquema del escenario: Validar la generación de triangulos   &amp#27;[90m# src/test/resources/features/triangulo.feature:15&amp#27;[0m
  &amp#27;[32mDado &amp#27;[0m&amp#27;[32mque el usuario visita la pagina&amp#27;[0m                       &amp#27;[90m# com.example.steps.LoginSteps.abrirPagina()&amp#27;[0m
  &amp#27;[32mCuando &amp#27;[0m&amp#27;[32mel usuario ingresa los campos: &amp#27;[0m&amp#27;[32m&amp#27;[1m"Leo"&amp#27;[0m&amp#27;[32m, &amp#27;[0m&amp#27;[32m&amp#27;[1m"3"&amp#27;[0m&amp#27;[32m, &amp#27;[0m&amp#27;[32m&amp#27;[1m"3"&amp#27;[0m&amp#27;[32m, &amp#27;[0m&amp#27;[32m&amp#27;[1m"5"&amp#27;[0m &amp#27;[90m# com.example.steps.LoginSteps.elUsuarioIngresaLosCampos(java.lang.String,java.lang.String,java.lang.String,java.lang.String)&amp#27;[0m
  &amp#27;[32mY &amp#27;[0m&amp#27;[32mel usuario presiona Check&amp#27;[0m                                &amp#27;[90m# com.example.steps.LoginSteps.elUsuarioPresionaCheck()&amp#27;[0m
Screenshot completo guardado en: /Users/jonavillegas/Desktop/JonaJona/retoTriangulo/capturas/resultado_completo.png
Usando OCRe
Test the Famous Triangle
Enter three numbers. The numbers will be treated as the dimensions of a triangle.
When you press the "Check" button, the program will display the type of triangle that you specified.
Your name:
isosceles

Side A
Side B
sideC5
  &amp#27;[32mEntonces &amp#27;[0m&amp#27;[32mel sistema muestra el triangulo &amp#27;[0m&amp#27;[32m&amp#27;[1m"Isosceles"&amp#27;[0m       &amp#27;[90m# com.example.steps.LoginSteps.elSistemaMuestraElTriangulo(java.lang.String)&amp#27;[0m
]]></system-out>
    <system-err><![CDATA[May 15, 2025 5:59:40 PM org.openqa.selenium.devtools.CdpVersionFinder findNearestMatch
WARNING: Unable to find CDP implementation matching 136
May 15, 2025 5:59:40 PM org.openqa.selenium.chromium.ChromiumDriver lambda$new$5
WARNING: Unable to find version of CDP to use for 136.0.7103.114. You may need to include a dependency on a specific version of the CDP using something similar to `org.seleniumhq.selenium:selenium-devtools-v86:4.25.0` where the version ("v86") matches the version of the chromium-based browser you're using and the version number of the artifact is the same as Selenium's.
]]></system-err>
  </testcase>
  <testcase name="Validar la generación de triangulos #3" classname="El usuario pueda validar el tipo de triangulo." time="8.1">
    <system-out><![CDATA[
@triangulo
Esquema del escenario: Validar la generación de triangulos       &amp#27;[90m# src/test/resources/features/triangulo.feature:16&amp#27;[0m
  &amp#27;[32mDado &amp#27;[0m&amp#27;[32mque el usuario visita la pagina&amp#27;[0m                           &amp#27;[90m# com.example.steps.LoginSteps.abrirPagina()&amp#27;[0m
  &amp#27;[32mCuando &amp#27;[0m&amp#27;[32mel usuario ingresa los campos: &amp#27;[0m&amp#27;[32m&amp#27;[1m"Joaquin"&amp#27;[0m&amp#27;[32m, &amp#27;[0m&amp#27;[32m&amp#27;[1m"3"&amp#27;[0m&amp#27;[32m, &amp#27;[0m&amp#27;[32m&amp#27;[1m"4"&amp#27;[0m&amp#27;[32m, &amp#27;[0m&amp#27;[32m&amp#27;[1m"5"&amp#27;[0m &amp#27;[90m# com.example.steps.LoginSteps.elUsuarioIngresaLosCampos(java.lang.String,java.lang.String,java.lang.String,java.lang.String)&amp#27;[0m
  &amp#27;[32mY &amp#27;[0m&amp#27;[32mel usuario presiona Check&amp#27;[0m                                    &amp#27;[90m# com.example.steps.LoginSteps.elUsuarioPresionaCheck()&amp#27;[0m
Screenshot completo guardado en: /Users/jonavillegas/Desktop/JonaJona/retoTriangulo/capturas/resultado_completo.png
Usando OCRe
Test the Famous Triangle
Enter three numbers. The numbers will be treated as the dimensions of a triangle.
When you press the "Check" button, the program will display the type of triangle that you specified.
Your name:
scalene

Side A
SideB@
Side C
  &amp#27;[32mEntonces &amp#27;[0m&amp#27;[32mel sistema muestra el triangulo &amp#27;[0m&amp#27;[32m&amp#27;[1m"scalene"&amp#27;[0m             &amp#27;[90m# com.example.steps.LoginSteps.elSistemaMuestraElTriangulo(java.lang.String)&amp#27;[0m
]]></system-out>
    <system-err><![CDATA[May 15, 2025 5:59:49 PM org.openqa.selenium.devtools.CdpVersionFinder findNearestMatch
WARNING: Unable to find CDP implementation matching 136
May 15, 2025 5:59:49 PM org.openqa.selenium.chromium.ChromiumDriver lambda$new$5
WARNING: Unable to find version of CDP to use for 136.0.7103.114. You may need to include a dependency on a specific version of the CDP using something similar to `org.seleniumhq.selenium:selenium-devtools-v86:4.25.0` where the version ("v86") matches the version of the chromium-based browser you're using and the version number of the artifact is the same as Selenium's.
]]></system-err>
  </testcase>
  <testcase name="Validar la generación de triangulos #4" classname="El usuario pueda validar el tipo de triangulo." time="8.158">
    <system-out><![CDATA[
@triangulo
Esquema del escenario: Validar la generación de triangulos      &amp#27;[90m# src/test/resources/features/triangulo.feature:17&amp#27;[0m
  &amp#27;[32mDado &amp#27;[0m&amp#27;[32mque el usuario visita la pagina&amp#27;[0m                          &amp#27;[90m# com.example.steps.LoginSteps.abrirPagina()&amp#27;[0m
  &amp#27;[32mCuando &amp#27;[0m&amp#27;[32mel usuario ingresa los campos: &amp#27;[0m&amp#27;[32m&amp#27;[1m"Nati"&amp#27;[0m&amp#27;[32m, &amp#27;[0m&amp#27;[32m&amp#27;[1m"3"&amp#27;[0m&amp#27;[32m, &amp#27;[0m&amp#27;[32m&amp#27;[1m"5"&amp#27;[0m&amp#27;[32m, &amp#27;[0m&amp#27;[32m&amp#27;[1m"1.3"&amp#27;[0m &amp#27;[90m# com.example.steps.LoginSteps.elUsuarioIngresaLosCampos(java.lang.String,java.lang.String,java.lang.String,java.lang.String)&amp#27;[0m
  &amp#27;[32mY &amp#27;[0m&amp#27;[32mel usuario presiona Check&amp#27;[0m                                   &amp#27;[90m# com.example.steps.LoginSteps.elUsuarioPresionaCheck()&amp#27;[0m
Screenshot completo guardado en: /Users/jonavillegas/Desktop/JonaJona/retoTriangulo/capturas/resultado_completo.png
Usando OCRe
Test the Famous Triangle
Enter three numbers. The numbers will be treated as the dimensions of a triangle.
When you press the "Check" button, the program will display the type of triangle that you specified.
Your name:
Not a triangle

Side A
SideB6
Side C
  &amp#27;[32mEntonces &amp#27;[0m&amp#27;[32mel sistema muestra el triangulo &amp#27;[0m&amp#27;[32m&amp#27;[1m"Not a triangle"&amp#27;[0m     &amp#27;[90m# com.example.steps.LoginSteps.elSistemaMuestraElTriangulo(java.lang.String)&amp#27;[0m
]]></system-out>
    <system-err><![CDATA[May 15, 2025 5:59:57 PM org.openqa.selenium.devtools.CdpVersionFinder findNearestMatch
WARNING: Unable to find CDP implementation matching 136
May 15, 2025 5:59:57 PM org.openqa.selenium.chromium.ChromiumDriver lambda$new$5
WARNING: Unable to find version of CDP to use for 136.0.7103.114. You may need to include a dependency on a specific version of the CDP using something similar to `org.seleniumhq.selenium:selenium-devtools-v86:4.25.0` where the version ("v86") matches the version of the chromium-based browser you're using and the version number of the artifact is the same as Selenium's.
]]></system-err>
  </testcase>
</testsuite>